<?xml version="1.0" encoding="UTF-8"?>
<!-- Generated by org.testng.reporters.JUnitReportReporter -->
<testsuite hostname="rwadke-3007" name="Base" tests="1" failures="0" timestamp="30 Nov 2021 04:09:32 GMT" time="0.007" errors="0">
  <testcase name="f" time="0.007" classname="Base"/>
</testsuite> <!-- Base -->
