<?xml version="1.0" encoding="UTF-8"?>
<!-- Generated by org.testng.reporters.JUnitReportReporter -->
<testsuite hostname="rwadke-3007" name="com.etherscan.executors.RegistrationValidator" tests="1" failures="0" timestamp="30 Nov 2021 15:11:46 GMT" time="42.730" errors="0">
  <testcase name="function" time="42.730" classname="com.etherscan.executors.RegistrationValidator"/>
</testsuite> <!-- com.etherscan.executors.RegistrationValidator -->
