<?xml version="1.0" encoding="UTF-8"?>
<!-- Generated by org.testng.reporters.JUnitReportReporter -->
<testsuite hostname="rwadke-3007" name="com.etherscan.selenium.RegistrationValidator" tests="1" failures="0" timestamp="30 Nov 2021 13:23:11 GMT" time="0.009" errors="0">
  <testcase name="function" time="0.009" classname="com.etherscan.selenium.RegistrationValidator"/>
</testsuite> <!-- com.etherscan.selenium.RegistrationValidator -->
