<?xml version="1.0" encoding="UTF-8"?>
<!-- Generated by org.testng.reporters.JUnitReportReporter -->
<testsuite hostname="rwadke-3007" name="com.etherscan.executors.Base" tests="3" failures="0" timestamp="30 Nov 2021 06:20:21 GMT" time="0.016" errors="0">
  <testcase name="testCase2" time="0.002" classname="com.etherscan.executors.Base"/>
  <testcase name="testCase1" time="0.003" classname="com.etherscan.executors.Base"/>
  <testcase name="f" time="0.011" classname="com.etherscan.executors.Base"/>
</testsuite> <!-- com.etherscan.executors.Base -->
